[0.062s] DEBUG:colcon:Command line arguments: ['/usr/bin/colcon', 'build']
[0.062s] DEBUG:colcon:Parsed command line arguments: Namespace(log_base=None, log_level=None, verb_name='build', build_base='build', install_base='install', merge_install=False, symlink_install=False, test_result_base=None, continue_on_error=False, executor='parallel', parallel_workers=20, event_handlers=None, ignore_user_meta=False, metas=['./colcon.meta'], base_paths=['.'], packages_ignore=None, packages_ignore_regex=None, paths=None, packages_up_to=None, packages_up_to_regex=None, packages_above=None, packages_above_and_dependencies=None, packages_above_depth=None, packages_select_by_dep=None, packages_skip_by_dep=None, packages_skip_up_to=None, packages_select_build_failed=False, packages_skip_build_finished=False, packages_select_test_failures=False, packages_skip_test_passed=False, packages_select=None, packages_skip=None, packages_select_regex=None, packages_skip_regex=None, packages_start=None, packages_end=None, allow_overriding=[], cmake_args=None, cmake_target=None, cmake_target_skip_unavailable=False, cmake_clean_cache=False, cmake_clean_first=False, cmake_force_configure=False, ament_cmake_args=None, catkin_cmake_args=None, catkin_skip_building_tests=False, mixin_files=None, mixin=None, verb_parser=<colcon_mixin.mixin.mixin_argument.MixinArgumentDecorator object at 0x710e47f90e60>, verb_extension=<colcon_core.verb.build.BuildVerb object at 0x710e47f90a70>, main=<bound method BuildVerb.main of <colcon_core.verb.build.BuildVerb object at 0x710e47f90a70>>, mixin_verb=('build',))
[0.084s] Level 1:colcon.colcon_core.package_discovery:discover_packages(colcon_meta) check parameters
[0.084s] Level 1:colcon.colcon_core.package_discovery:discover_packages(recursive) check parameters
[0.084s] Level 1:colcon.colcon_core.package_discovery:discover_packages(ignore) check parameters
[0.084s] Level 1:colcon.colcon_core.package_discovery:discover_packages(path) check parameters
[0.084s] Level 1:colcon.colcon_core.package_discovery:discover_packages(colcon_meta) discover
[0.084s] Level 1:colcon.colcon_core.package_discovery:discover_packages(recursive) discover
[0.084s] INFO:colcon.colcon_core.package_discovery:Crawling recursively for packages in '/home/tof/ros2_ws_project_demo'
[0.084s] Level 1:colcon.colcon_core.package_identification:_identify(.) by extensions ['ignore', 'ignore_ament_install']
[0.084s] Level 1:colcon.colcon_core.package_identification:_identify(.) by extension 'ignore'
[0.084s] Level 1:colcon.colcon_core.package_identification:_identify(.) by extension 'ignore_ament_install'
[0.084s] Level 1:colcon.colcon_core.package_identification:_identify(.) by extensions ['colcon_pkg']
[0.084s] Level 1:colcon.colcon_core.package_identification:_identify(.) by extension 'colcon_pkg'
[0.084s] Level 1:colcon.colcon_core.package_identification:_identify(.) by extensions ['colcon_meta']
[0.084s] Level 1:colcon.colcon_core.package_identification:_identify(.) by extension 'colcon_meta'
[0.084s] Level 1:colcon.colcon_core.package_identification:_identify(.) by extensions ['ros']
[0.084s] Level 1:colcon.colcon_core.package_identification:_identify(.) by extension 'ros'
[0.101s] Level 1:colcon.colcon_core.package_identification:_identify(.) by extensions ['cmake', 'python']
[0.102s] Level 1:colcon.colcon_core.package_identification:_identify(.) by extension 'cmake'
[0.102s] Level 1:colcon.colcon_core.package_identification:_identify(.) by extension 'python'
[0.102s] Level 1:colcon.colcon_core.package_identification:_identify(.) by extensions ['python_setup_py']
[0.102s] Level 1:colcon.colcon_core.package_identification:_identify(.) by extension 'python_setup_py'
[0.102s] Level 1:colcon.colcon_core.package_identification:_identify(__pycache__) by extensions ['ignore', 'ignore_ament_install']
[0.102s] Level 1:colcon.colcon_core.package_identification:_identify(__pycache__) by extension 'ignore'
[0.102s] Level 1:colcon.colcon_core.package_identification:_identify(__pycache__) by extension 'ignore_ament_install'
[0.102s] Level 1:colcon.colcon_core.package_identification:_identify(__pycache__) by extensions ['colcon_pkg']
[0.102s] Level 1:colcon.colcon_core.package_identification:_identify(__pycache__) by extension 'colcon_pkg'
[0.102s] Level 1:colcon.colcon_core.package_identification:_identify(__pycache__) by extensions ['colcon_meta']
[0.102s] Level 1:colcon.colcon_core.package_identification:_identify(__pycache__) by extension 'colcon_meta'
[0.102s] Level 1:colcon.colcon_core.package_identification:_identify(__pycache__) by extensions ['ros']
[0.102s] Level 1:colcon.colcon_core.package_identification:_identify(__pycache__) by extension 'ros'
[0.102s] Level 1:colcon.colcon_core.package_identification:_identify(__pycache__) by extensions ['cmake', 'python']
[0.102s] Level 1:colcon.colcon_core.package_identification:_identify(__pycache__) by extension 'cmake'
[0.102s] Level 1:colcon.colcon_core.package_identification:_identify(__pycache__) by extension 'python'
[0.102s] Level 1:colcon.colcon_core.package_identification:_identify(__pycache__) by extensions ['python_setup_py']
[0.102s] Level 1:colcon.colcon_core.package_identification:_identify(__pycache__) by extension 'python_setup_py'
[0.102s] Level 1:colcon.colcon_core.package_identification:_identify(build) by extensions ['ignore', 'ignore_ament_install']
[0.102s] Level 1:colcon.colcon_core.package_identification:_identify(build) by extension 'ignore'
[0.102s] Level 1:colcon.colcon_core.package_identification:_identify(build) ignored
[0.102s] Level 1:colcon.colcon_core.package_identification:_identify(install) by extensions ['ignore', 'ignore_ament_install']
[0.102s] Level 1:colcon.colcon_core.package_identification:_identify(install) by extension 'ignore'
[0.102s] Level 1:colcon.colcon_core.package_identification:_identify(install) ignored
[0.102s] Level 1:colcon.colcon_core.package_identification:_identify(log) by extensions ['ignore', 'ignore_ament_install']
[0.102s] Level 1:colcon.colcon_core.package_identification:_identify(log) by extension 'ignore'
[0.102s] Level 1:colcon.colcon_core.package_identification:_identify(log) ignored
[0.102s] Level 1:colcon.colcon_core.package_identification:_identify(src) by extensions ['ignore', 'ignore_ament_install']
[0.102s] Level 1:colcon.colcon_core.package_identification:_identify(src) by extension 'ignore'
[0.102s] Level 1:colcon.colcon_core.package_identification:_identify(src) by extension 'ignore_ament_install'
[0.102s] Level 1:colcon.colcon_core.package_identification:_identify(src) by extensions ['colcon_pkg']
[0.102s] Level 1:colcon.colcon_core.package_identification:_identify(src) by extension 'colcon_pkg'
[0.103s] Level 1:colcon.colcon_core.package_identification:_identify(src) by extensions ['colcon_meta']
[0.103s] Level 1:colcon.colcon_core.package_identification:_identify(src) by extension 'colcon_meta'
[0.103s] Level 1:colcon.colcon_core.package_identification:_identify(src) by extensions ['ros']
[0.103s] Level 1:colcon.colcon_core.package_identification:_identify(src) by extension 'ros'
[0.103s] Level 1:colcon.colcon_core.package_identification:_identify(src) by extensions ['cmake', 'python']
[0.103s] Level 1:colcon.colcon_core.package_identification:_identify(src) by extension 'cmake'
[0.103s] Level 1:colcon.colcon_core.package_identification:_identify(src) by extension 'python'
[0.103s] Level 1:colcon.colcon_core.package_identification:_identify(src) by extensions ['python_setup_py']
[0.103s] Level 1:colcon.colcon_core.package_identification:_identify(src) by extension 'python_setup_py'
[0.103s] Level 1:colcon.colcon_core.package_identification:_identify(src/robot_omni) by extensions ['ignore', 'ignore_ament_install']
[0.103s] Level 1:colcon.colcon_core.package_identification:_identify(src/robot_omni) by extension 'ignore'
[0.103s] Level 1:colcon.colcon_core.package_identification:_identify(src/robot_omni) by extension 'ignore_ament_install'
[0.103s] Level 1:colcon.colcon_core.package_identification:_identify(src/robot_omni) by extensions ['colcon_pkg']
[0.103s] Level 1:colcon.colcon_core.package_identification:_identify(src/robot_omni) by extension 'colcon_pkg'
[0.103s] Level 1:colcon.colcon_core.package_identification:_identify(src/robot_omni) by extensions ['colcon_meta']
[0.103s] Level 1:colcon.colcon_core.package_identification:_identify(src/robot_omni) by extension 'colcon_meta'
[0.103s] Level 1:colcon.colcon_core.package_identification:_identify(src/robot_omni) by extensions ['ros']
[0.103s] Level 1:colcon.colcon_core.package_identification:_identify(src/robot_omni) by extension 'ros'
[0.105s] DEBUG:colcon.colcon_core.package_identification:Package 'src/robot_omni' with type 'ros.ament_cmake' and name 'robot_omni'
[0.105s] Level 1:colcon.colcon_core.package_discovery:discover_packages(recursive) using defaults
[0.105s] Level 1:colcon.colcon_core.package_discovery:discover_packages(ignore) discover
[0.105s] Level 1:colcon.colcon_core.package_discovery:discover_packages(ignore) using defaults
[0.105s] Level 1:colcon.colcon_core.package_discovery:discover_packages(path) discover
[0.105s] Level 1:colcon.colcon_core.package_discovery:discover_packages(path) using defaults
[0.115s] Level 1:colcon.colcon_core.package_discovery:discover_packages(prefix_path) check parameters
[0.115s] Level 1:colcon.colcon_core.package_discovery:discover_packages(prefix_path) discover
[0.116s] WARNING:colcon.colcon_ros.prefix_path.ament:The path '/home/tof/ros2_ws_project_demo/install/robot_omni' in the environment variable AMENT_PREFIX_PATH doesn't exist
[0.116s] WARNING:colcon.colcon_ros.prefix_path.catkin:The path '/home/tof/ros2_ws_project_demo/install/robot_omni' in the environment variable CMAKE_PREFIX_PATH doesn't exist
[0.116s] DEBUG:colcon.colcon_installed_package_information.package_discovery:Found 0 installed packages in /home/tof/ros2_ws_project_demo/install
[0.117s] DEBUG:colcon.colcon_installed_package_information.package_discovery:Found 448 installed packages in /opt/ros/jazzy
[0.118s] Level 1:colcon.colcon_core.package_discovery:discover_packages(prefix_path) using defaults
[0.147s] Level 5:colcon.colcon_core.verb:set package 'robot_omni' build argument 'cmake_args' from command line to 'None'
[0.147s] Level 5:colcon.colcon_core.verb:set package 'robot_omni' build argument 'cmake_target' from command line to 'None'
[0.147s] Level 5:colcon.colcon_core.verb:set package 'robot_omni' build argument 'cmake_target_skip_unavailable' from command line to 'False'
[0.147s] Level 5:colcon.colcon_core.verb:set package 'robot_omni' build argument 'cmake_clean_cache' from command line to 'False'
[0.147s] Level 5:colcon.colcon_core.verb:set package 'robot_omni' build argument 'cmake_clean_first' from command line to 'False'
[0.147s] Level 5:colcon.colcon_core.verb:set package 'robot_omni' build argument 'cmake_force_configure' from command line to 'False'
[0.147s] Level 5:colcon.colcon_core.verb:set package 'robot_omni' build argument 'ament_cmake_args' from command line to 'None'
[0.147s] Level 5:colcon.colcon_core.verb:set package 'robot_omni' build argument 'catkin_cmake_args' from command line to 'None'
[0.147s] Level 5:colcon.colcon_core.verb:set package 'robot_omni' build argument 'catkin_skip_building_tests' from command line to 'False'
[0.147s] DEBUG:colcon.colcon_core.verb:Building package 'robot_omni' with the following arguments: {'ament_cmake_args': None, 'build_base': '/home/tof/ros2_ws_project_demo/build/robot_omni', 'catkin_cmake_args': None, 'catkin_skip_building_tests': False, 'cmake_args': None, 'cmake_clean_cache': False, 'cmake_clean_first': False, 'cmake_force_configure': False, 'cmake_target': None, 'cmake_target_skip_unavailable': False, 'install_base': '/home/tof/ros2_ws_project_demo/install/robot_omni', 'merge_install': False, 'path': '/home/tof/ros2_ws_project_demo/src/robot_omni', 'symlink_install': False, 'test_result_base': None}
[0.148s] INFO:colcon.colcon_core.executor:Executing jobs using 'parallel' executor
[0.148s] DEBUG:colcon.colcon_parallel_executor.executor.parallel:run_until_complete
[0.148s] INFO:colcon.colcon_ros.task.ament_cmake.build:Building ROS package in '/home/tof/ros2_ws_project_demo/src/robot_omni' with build type 'ament_cmake'
[0.148s] INFO:colcon.colcon_cmake.task.cmake.build:Building CMake package in '/home/tof/ros2_ws_project_demo/src/robot_omni'
[0.149s] INFO:colcon.colcon_core.plugin_system:Skipping extension 'colcon_core.shell.bat': Not used on non-Windows systems
[0.150s] INFO:colcon.colcon_core.shell:Skip shell extension 'powershell' for command environment: Not usable outside of PowerShell
[0.150s] DEBUG:colcon.colcon_core.shell:Skip shell extension 'dsv' for command environment
[0.155s] DEBUG:colcon.colcon_core.event_handler.log_command:Invoking command in '/home/tof/ros2_ws_project_demo/build/robot_omni': CMAKE_PREFIX_PATH=${CMAKE_PREFIX_PATH}:/opt/ros/jazzy DEBUGINFOD_URLS=https://debuginfod.ubuntu.com /usr/bin/cmake /home/tof/ros2_ws_project_demo/src/robot_omni -DCMAKE_INSTALL_PREFIX=/home/tof/ros2_ws_project_demo/install/robot_omni
[1.097s] DEBUG:colcon.colcon_core.event_handler.log_command:Invoked command in '/home/tof/ros2_ws_project_demo/build/robot_omni' returned '0': CMAKE_PREFIX_PATH=${CMAKE_PREFIX_PATH}:/opt/ros/jazzy DEBUGINFOD_URLS=https://debuginfod.ubuntu.com /usr/bin/cmake /home/tof/ros2_ws_project_demo/src/robot_omni -DCMAKE_INSTALL_PREFIX=/home/tof/ros2_ws_project_demo/install/robot_omni
[1.097s] DEBUG:colcon.colcon_core.event_handler.log_command:Invoking command in '/home/tof/ros2_ws_project_demo/build/robot_omni': CMAKE_PREFIX_PATH=${CMAKE_PREFIX_PATH}:/opt/ros/jazzy DEBUGINFOD_URLS=https://debuginfod.ubuntu.com /usr/bin/cmake --build /home/tof/ros2_ws_project_demo/build/robot_omni -- -j20 -l20
[1.132s] DEBUG:colcon.colcon_core.event_handler.log_command:Invoked command in '/home/tof/ros2_ws_project_demo/build/robot_omni' returned '0': CMAKE_PREFIX_PATH=${CMAKE_PREFIX_PATH}:/opt/ros/jazzy DEBUGINFOD_URLS=https://debuginfod.ubuntu.com /usr/bin/cmake --build /home/tof/ros2_ws_project_demo/build/robot_omni -- -j20 -l20
[1.139s] DEBUG:colcon.colcon_core.event_handler.log_command:Invoking command in '/home/tof/ros2_ws_project_demo/build/robot_omni': CMAKE_PREFIX_PATH=${CMAKE_PREFIX_PATH}:/opt/ros/jazzy DEBUGINFOD_URLS=https://debuginfod.ubuntu.com /usr/bin/cmake --install /home/tof/ros2_ws_project_demo/build/robot_omni
[1.237s] Level 1:colcon.colcon_core.environment:create_environment_scripts_only(robot_omni)
[1.237s] DEBUG:colcon.colcon_core.event_handler.log_command:Invoked command in '/home/tof/ros2_ws_project_demo/build/robot_omni' returned '0': CMAKE_PREFIX_PATH=${CMAKE_PREFIX_PATH}:/opt/ros/jazzy DEBUGINFOD_URLS=https://debuginfod.ubuntu.com /usr/bin/cmake --install /home/tof/ros2_ws_project_demo/build/robot_omni
[1.239s] Level 1:colcon.colcon_core.environment:checking '/home/tof/ros2_ws_project_demo/install/robot_omni' for CMake module files
[1.239s] Level 1:colcon.colcon_core.environment:checking '/home/tof/ros2_ws_project_demo/install/robot_omni' for CMake config files
[1.239s] Level 1:colcon.colcon_core.shell:create_environment_hook('robot_omni', 'cmake_prefix_path')
[1.239s] INFO:colcon.colcon_core.shell:Creating environment hook '/home/tof/ros2_ws_project_demo/install/robot_omni/share/robot_omni/hook/cmake_prefix_path.ps1'
[1.239s] INFO:colcon.colcon_core.shell:Creating environment descriptor '/home/tof/ros2_ws_project_demo/install/robot_omni/share/robot_omni/hook/cmake_prefix_path.dsv'
[1.240s] INFO:colcon.colcon_core.shell:Creating environment hook '/home/tof/ros2_ws_project_demo/install/robot_omni/share/robot_omni/hook/cmake_prefix_path.sh'
[1.240s] Level 1:colcon.colcon_core.environment:checking '/home/tof/ros2_ws_project_demo/install/robot_omni/bin'
[1.240s] Level 1:colcon.colcon_core.environment:checking '/home/tof/ros2_ws_project_demo/install/robot_omni/lib/pkgconfig/robot_omni.pc'
[1.240s] Level 1:colcon.colcon_core.environment:checking '/home/tof/ros2_ws_project_demo/install/robot_omni/lib/python3.12/site-packages'
[1.240s] Level 1:colcon.colcon_core.environment:checking '/home/tof/ros2_ws_project_demo/install/robot_omni/bin'
[1.241s] INFO:colcon.colcon_core.shell:Creating package script '/home/tof/ros2_ws_project_demo/install/robot_omni/share/robot_omni/package.ps1'
[1.241s] INFO:colcon.colcon_core.shell:Creating package descriptor '/home/tof/ros2_ws_project_demo/install/robot_omni/share/robot_omni/package.dsv'
[1.241s] INFO:colcon.colcon_core.shell:Creating package script '/home/tof/ros2_ws_project_demo/install/robot_omni/share/robot_omni/package.sh'
[1.242s] INFO:colcon.colcon_core.shell:Creating package script '/home/tof/ros2_ws_project_demo/install/robot_omni/share/robot_omni/package.bash'
[1.242s] INFO:colcon.colcon_core.shell:Creating package script '/home/tof/ros2_ws_project_demo/install/robot_omni/share/robot_omni/package.zsh'
[1.242s] Level 1:colcon.colcon_core.environment:create_file_with_runtime_dependencies(/home/tof/ros2_ws_project_demo/install/robot_omni/share/colcon-core/packages/robot_omni)
[1.242s] Level 1:colcon.colcon_core.environment:create_environment_scripts_only(robot_omni)
[1.242s] Level 1:colcon.colcon_core.environment:checking '/home/tof/ros2_ws_project_demo/install/robot_omni' for CMake module files
[1.243s] Level 1:colcon.colcon_core.environment:checking '/home/tof/ros2_ws_project_demo/install/robot_omni' for CMake config files
[1.243s] Level 1:colcon.colcon_core.shell:create_environment_hook('robot_omni', 'cmake_prefix_path')
[1.243s] INFO:colcon.colcon_core.shell:Creating environment hook '/home/tof/ros2_ws_project_demo/install/robot_omni/share/robot_omni/hook/cmake_prefix_path.ps1'
[1.243s] INFO:colcon.colcon_core.shell:Creating environment descriptor '/home/tof/ros2_ws_project_demo/install/robot_omni/share/robot_omni/hook/cmake_prefix_path.dsv'
[1.243s] INFO:colcon.colcon_core.shell:Creating environment hook '/home/tof/ros2_ws_project_demo/install/robot_omni/share/robot_omni/hook/cmake_prefix_path.sh'
[1.244s] Level 1:colcon.colcon_core.environment:checking '/home/tof/ros2_ws_project_demo/install/robot_omni/bin'
[1.244s] Level 1:colcon.colcon_core.environment:checking '/home/tof/ros2_ws_project_demo/install/robot_omni/lib/pkgconfig/robot_omni.pc'
[1.244s] Level 1:colcon.colcon_core.environment:checking '/home/tof/ros2_ws_project_demo/install/robot_omni/lib/python3.12/site-packages'
[1.244s] Level 1:colcon.colcon_core.environment:checking '/home/tof/ros2_ws_project_demo/install/robot_omni/bin'
[1.244s] INFO:colcon.colcon_core.shell:Creating package script '/home/tof/ros2_ws_project_demo/install/robot_omni/share/robot_omni/package.ps1'
[1.244s] INFO:colcon.colcon_core.shell:Creating package descriptor '/home/tof/ros2_ws_project_demo/install/robot_omni/share/robot_omni/package.dsv'
[1.250s] INFO:colcon.colcon_core.shell:Creating package script '/home/tof/ros2_ws_project_demo/install/robot_omni/share/robot_omni/package.sh'
[1.251s] INFO:colcon.colcon_core.shell:Creating package script '/home/tof/ros2_ws_project_demo/install/robot_omni/share/robot_omni/package.bash'
[1.251s] INFO:colcon.colcon_core.shell:Creating package script '/home/tof/ros2_ws_project_demo/install/robot_omni/share/robot_omni/package.zsh'
[1.251s] Level 1:colcon.colcon_core.environment:create_file_with_runtime_dependencies(/home/tof/ros2_ws_project_demo/install/robot_omni/share/colcon-core/packages/robot_omni)
[1.251s] DEBUG:colcon.colcon_parallel_executor.executor.parallel:closing loop
[1.251s] DEBUG:colcon.colcon_parallel_executor.executor.parallel:loop closed
[1.251s] DEBUG:colcon.colcon_parallel_executor.executor.parallel:run_until_complete finished with '0'
[1.251s] DEBUG:colcon.colcon_core.event_reactor:joining thread
[1.256s] INFO:colcon.colcon_core.plugin_system:Skipping extension 'colcon_notification.desktop_notification.terminal_notifier': Not used on non-Darwin systems
[1.256s] INFO:colcon.colcon_core.plugin_system:Skipping extension 'colcon_notification.desktop_notification.win32': Not used on non-Windows systems
[1.256s] INFO:colcon.colcon_notification.desktop_notification:Sending desktop notification using 'notify2'
[1.265s] DEBUG:colcon.colcon_core.event_reactor:joined thread
[1.265s] INFO:colcon.colcon_core.shell:Creating prefix script '/home/tof/ros2_ws_project_demo/install/local_setup.ps1'
[1.266s] INFO:colcon.colcon_core.shell:Creating prefix util module '/home/tof/ros2_ws_project_demo/install/_local_setup_util_ps1.py'
[1.266s] INFO:colcon.colcon_core.shell:Creating prefix chain script '/home/tof/ros2_ws_project_demo/install/setup.ps1'
[1.267s] INFO:colcon.colcon_core.shell:Creating prefix script '/home/tof/ros2_ws_project_demo/install/local_setup.sh'
[1.267s] INFO:colcon.colcon_core.shell:Creating prefix util module '/home/tof/ros2_ws_project_demo/install/_local_setup_util_sh.py'
[1.267s] INFO:colcon.colcon_core.shell:Creating prefix chain script '/home/tof/ros2_ws_project_demo/install/setup.sh'
[1.268s] INFO:colcon.colcon_core.shell:Creating prefix script '/home/tof/ros2_ws_project_demo/install/local_setup.bash'
[1.268s] INFO:colcon.colcon_core.shell:Creating prefix chain script '/home/tof/ros2_ws_project_demo/install/setup.bash'
[1.268s] INFO:colcon.colcon_core.shell:Creating prefix script '/home/tof/ros2_ws_project_demo/install/local_setup.zsh'
[1.269s] INFO:colcon.colcon_core.shell:Creating prefix chain script '/home/tof/ros2_ws_project_demo/install/setup.zsh'
